TN:
SF:src/logging-espree.js
FN:11,transpile
FN:14,(anonymous_1)
FN:28,addLogging
FN:31,(anonymous_3)
FN:46,addBeforeCode
FN:54,(anonymous_5)
FNF:6
FNH:0
FNDA:0,transpile
FNDA:0,(anonymous_1)
FNDA:0,addLogging
FNDA:0,(anonymous_3)
FNDA:0,addBeforeCode
FNDA:0,(anonymous_5)
DA:12,0
DA:13,0
DA:14,0
DA:15,0
DA:16,0
DA:17,0
DA:29,0
DA:30,0
DA:32,0
DA:35,0
DA:39,0
DA:47,0
DA:50,0
DA:53,0
DA:54,0
DA:55,0
DA:59,0
DA:62,0
DA:65,0
LF:19
LH:0
BRDA:15,0,0,0
BRDA:15,0,1,0
BRDA:32,1,0,0
BRDA:32,1,1,0
BRDA:32,2,0,0
BRDA:32,2,1,0
BRDA:32,2,2,0
BRDA:50,3,0,0
BRDA:50,3,1,0
BRDA:53,4,0,0
BRDA:53,4,1,0
BRF:11
BRH:0
end_of_record
